{"C:\\Users\\HP\\OneDrive\\Desktop\\ReactScript\\src\\components\\Body.js": {"path":"C:\\Users\\HP\\OneDrive\\Desktop\\ReactScript\\src\\components\\Body.js","statementMap":{"0":{"start":{"line":7,"column":13},"end":{"line":112,"column":1}},"1":{"start":{"line":9,"column":50},"end":{"line":9,"column":62}},"2":{"start":{"line":10,"column":54},"end":{"line":10,"column":66}},"3":{"start":{"line":11,"column":38},"end":{"line":11,"column":50}},"4":{"start":{"line":13,"column":37},"end":{"line":13,"column":69}},"5":{"start":{"line":18,"column":2},"end":{"line":20,"column":9}},"6":{"start":{"line":19,"column":4},"end":{"line":19,"column":16}},"7":{"start":{"line":22,"column":20},"end":{"line":34,"column":3}},"8":{"start":{"line":23,"column":17},"end":{"line":25,"column":5}},"9":{"start":{"line":26,"column":17},"end":{"line":26,"column":34}},"10":{"start":{"line":28,"column":4},"end":{"line":30,"column":6}},"11":{"start":{"line":31,"column":4},"end":{"line":33,"column":6}},"12":{"start":{"line":36,"column":23},"end":{"line":36,"column":40}},"13":{"start":{"line":37,"column":2},"end":{"line":42,"column":6}},"14":{"start":{"line":38,"column":4},"end":{"line":42,"column":6}},"15":{"start":{"line":44,"column":40},"end":{"line":44,"column":63}},"16":{"start":{"line":46,"column":2},"end":{"line":48,"column":3}},"17":{"start":{"line":47,"column":4},"end":{"line":47,"column":23}},"18":{"start":{"line":50,"column":2},"end":{"line":111,"column":4}},"19":{"start":{"line":59,"column":14},"end":{"line":59,"column":44}},"20":{"start":{"line":65,"column":41},"end":{"line":67,"column":15}},"21":{"start":{"line":66,"column":16},"end":{"line":66,"column":78}},"22":{"start":{"line":68,"column":14},"end":{"line":68,"column":56}},"23":{"start":{"line":78,"column":35},"end":{"line":80,"column":15}},"24":{"start":{"line":79,"column":25},"end":{"line":79,"column":49}},"25":{"start":{"line":81,"column":14},"end":{"line":81,"column":50}},"26":{"start":{"line":92,"column":29},"end":{"line":92,"column":56}},"27":{"start":{"line":98,"column":10},"end":{"line":107,"column":17}}},"fnMap":{"0":{"name":"(anonymous_0)","decl":{"start":{"line":7,"column":13},"end":{"line":7,"column":14}},"loc":{"start":{"line":7,"column":19},"end":{"line":112,"column":1}},"line":7},"1":{"name":"(anonymous_1)","decl":{"start":{"line":18,"column":12},"end":{"line":18,"column":13}},"loc":{"start":{"line":18,"column":18},"end":{"line":20,"column":3}},"line":18},"2":{"name":"(anonymous_2)","decl":{"start":{"line":22,"column":20},"end":{"line":22,"column":21}},"loc":{"start":{"line":22,"column":32},"end":{"line":34,"column":3}},"line":22},"3":{"name":"(anonymous_3)","decl":{"start":{"line":58,"column":22},"end":{"line":58,"column":23}},"loc":{"start":{"line":58,"column":29},"end":{"line":60,"column":13}},"line":58},"4":{"name":"(anonymous_4)","decl":{"start":{"line":64,"column":21},"end":{"line":64,"column":22}},"loc":{"start":{"line":64,"column":27},"end":{"line":69,"column":13}},"line":64},"5":{"name":"(anonymous_5)","decl":{"start":{"line":65,"column":65},"end":{"line":65,"column":66}},"loc":{"start":{"line":66,"column":16},"end":{"line":66,"column":78}},"line":66},"6":{"name":"(anonymous_6)","decl":{"start":{"line":77,"column":21},"end":{"line":77,"column":22}},"loc":{"start":{"line":77,"column":27},"end":{"line":82,"column":13}},"line":77},"7":{"name":"(anonymous_7)","decl":{"start":{"line":79,"column":16},"end":{"line":79,"column":17}},"loc":{"start":{"line":79,"column":25},"end":{"line":79,"column":49}},"line":79},"8":{"name":"(anonymous_8)","decl":{"start":{"line":92,"column":22},"end":{"line":92,"column":23}},"loc":{"start":{"line":92,"column":29},"end":{"line":92,"column":56}},"line":92},"9":{"name":"(anonymous_9)","decl":{"start":{"line":97,"column":32},"end":{"line":97,"column":33}},"loc":{"start":{"line":98,"column":10},"end":{"line":107,"column":17}},"line":98}},"branchMap":{"0":{"loc":{"start":{"line":37,"column":2},"end":{"line":42,"column":6}},"type":"if","locations":[{"start":{"line":37,"column":2},"end":{"line":42,"column":6}},{"start":{},"end":{}}],"line":37},"1":{"loc":{"start":{"line":46,"column":2},"end":{"line":48,"column":3}},"type":"if","locations":[{"start":{"line":46,"column":2},"end":{"line":48,"column":3}},{"start":{},"end":{}}],"line":46},"2":{"loc":{"start":{"line":102,"column":13},"end":{"line":106,"column":13}},"type":"cond-expr","locations":[{"start":{"line":103,"column":14},"end":{"line":103,"column":65}},{"start":{"line":105,"column":14},"end":{"line":105,"column":52}}],"line":102}},"s":{"0":1,"1":2,"2":2,"3":2,"4":2,"5":2,"6":1,"7":2,"8":1,"9":1,"10":1,"11":1,"12":2,"13":2,"14":0,"15":2,"16":2,"17":1,"18":1,"19":0,"20":0,"21":0,"22":0,"23":0,"24":0,"25":0,"26":0,"27":20},"f":{"0":2,"1":1,"2":1,"3":0,"4":0,"5":0,"6":0,"7":0,"8":0,"9":20},"b":{"0":[0,2],"1":[1,1],"2":[19,1]},"_coverageSchema":"1a1c01bbd47fc00a2c39e90264f33305004495a9","hash":"15a3d5c584fc10b0c05713262d7f93cfba92ede9"}
,"C:\\Users\\HP\\OneDrive\\Desktop\\ReactScript\\src\\components\\Contact.js": {"path":"C:\\Users\\HP\\OneDrive\\Desktop\\ReactScript\\src\\components\\Contact.js","statementMap":{"0":{"start":{"line":1,"column":16},"end":{"line":17,"column":1}},"1":{"start":{"line":2,"column":2},"end":{"line":16,"column":4}}},"fnMap":{"0":{"name":"(anonymous_0)","decl":{"start":{"line":1,"column":16},"end":{"line":1,"column":17}},"loc":{"start":{"line":1,"column":22},"end":{"line":17,"column":1}},"line":1}},"branchMap":{},"s":{"0":1,"1":4},"f":{"0":4},"b":{},"_coverageSchema":"1a1c01bbd47fc00a2c39e90264f33305004495a9","hash":"e76193428e454085be46666fb25932afc5b3d62d"}
,"C:\\Users\\HP\\OneDrive\\Desktop\\ReactScript\\src\\components\\Header.js": {"path":"C:\\Users\\HP\\OneDrive\\Desktop\\ReactScript\\src\\components\\Header.js","statementMap":{"0":{"start":{"line":8,"column":15},"end":{"line":57,"column":1}},"1":{"start":{"line":9,"column":42},"end":{"line":9,"column":59}},"2":{"start":{"line":10,"column":23},"end":{"line":10,"column":40}},"3":{"start":{"line":11,"column":27},"end":{"line":11,"column":50}},"4":{"start":{"line":15,"column":20},"end":{"line":15,"column":60}},"5":{"start":{"line":15,"column":43},"end":{"line":15,"column":59}},"6":{"start":{"line":17,"column":2},"end":{"line":56,"column":4}},"7":{"start":{"line":45,"column":14},"end":{"line":47,"column":43}}},"fnMap":{"0":{"name":"(anonymous_0)","decl":{"start":{"line":8,"column":15},"end":{"line":8,"column":16}},"loc":{"start":{"line":8,"column":21},"end":{"line":57,"column":1}},"line":8},"1":{"name":"(anonymous_1)","decl":{"start":{"line":15,"column":32},"end":{"line":15,"column":33}},"loc":{"start":{"line":15,"column":43},"end":{"line":15,"column":59}},"line":15},"2":{"name":"(anonymous_2)","decl":{"start":{"line":44,"column":21},"end":{"line":44,"column":22}},"loc":{"start":{"line":44,"column":27},"end":{"line":48,"column":13}},"line":44}},"branchMap":{"0":{"loc":{"start":{"line":25,"column":29},"end":{"line":25,"column":54}},"type":"cond-expr","locations":[{"start":{"line":25,"column":44},"end":{"line":25,"column":47}},{"start":{"line":25,"column":50},"end":{"line":25,"column":54}}],"line":25},"1":{"loc":{"start":{"line":45,"column":14},"end":{"line":47,"column":42}},"type":"cond-expr","locations":[{"start":{"line":46,"column":18},"end":{"line":46,"column":43}},{"start":{"line":47,"column":18},"end":{"line":47,"column":42}}],"line":45}},"s":{"0":1,"1":4,"2":4,"3":4,"4":4,"5":7,"6":4,"7":1},"f":{"0":4,"1":7,"2":1},"b":{"0":[4,0],"1":[1,0]},"_coverageSchema":"1a1c01bbd47fc00a2c39e90264f33305004495a9","hash":"327e0fba7210888df43683534c33662620c3081f"}
,"C:\\Users\\HP\\OneDrive\\Desktop\\ReactScript\\src\\components\\RestaurntCard.js": {"path":"C:\\Users\\HP\\OneDrive\\Desktop\\ReactScript\\src\\components\\RestaurntCard.js","statementMap":{"0":{"start":{"line":5,"column":22},"end":{"line":27,"column":1}},"1":{"start":{"line":6,"column":22},"end":{"line":6,"column":27}},"2":{"start":{"line":9,"column":4},"end":{"line":9,"column":16}},"3":{"start":{"line":10,"column":27},"end":{"line":10,"column":50}},"4":{"start":{"line":12,"column":2},"end":{"line":26,"column":4}},"5":{"start":{"line":29,"column":33},"end":{"line":44,"column":1}},"6":{"start":{"line":30,"column":2},"end":{"line":43,"column":4}},"7":{"start":{"line":31,"column":25},"end":{"line":31,"column":64}},"8":{"start":{"line":32,"column":4},"end":{"line":42,"column":6}}},"fnMap":{"0":{"name":"(anonymous_0)","decl":{"start":{"line":5,"column":22},"end":{"line":5,"column":23}},"loc":{"start":{"line":5,"column":33},"end":{"line":27,"column":1}},"line":5},"1":{"name":"(anonymous_1)","decl":{"start":{"line":29,"column":33},"end":{"line":29,"column":34}},"loc":{"start":{"line":29,"column":52},"end":{"line":44,"column":1}},"line":29},"2":{"name":"(anonymous_2)","decl":{"start":{"line":30,"column":9},"end":{"line":30,"column":10}},"loc":{"start":{"line":30,"column":26},"end":{"line":43,"column":3}},"line":30}},"branchMap":{"0":{"loc":{"start":{"line":34,"column":9},"end":{"line":39,"column":9}},"type":"binary-expr","locations":[{"start":{"line":34,"column":9},"end":{"line":34,"column":21}},{"start":{"line":35,"column":10},"end":{"line":38,"column":16}}],"line":34}},"s":{"0":2,"1":22,"2":22,"3":22,"4":22,"5":2,"6":3,"7":20,"8":20},"f":{"0":22,"1":3,"2":20},"b":{"0":[20,20]},"_coverageSchema":"1a1c01bbd47fc00a2c39e90264f33305004495a9","hash":"c3d3c346c80cd09b5fb9da4c076e2b42b6e39c1f"}
,"C:\\Users\\HP\\OneDrive\\Desktop\\ReactScript\\src\\components\\Shimmer.js": {"path":"C:\\Users\\HP\\OneDrive\\Desktop\\ReactScript\\src\\components\\Shimmer.js","statementMap":{"0":{"start":{"line":1,"column":16},"end":{"line":24,"column":1}},"1":{"start":{"line":2,"column":2},"end":{"line":23,"column":4}}},"fnMap":{"0":{"name":"(anonymous_0)","decl":{"start":{"line":1,"column":16},"end":{"line":1,"column":17}},"loc":{"start":{"line":1,"column":22},"end":{"line":24,"column":1}},"line":1}},"branchMap":{},"s":{"0":1,"1":1},"f":{"0":1},"b":{},"_coverageSchema":"1a1c01bbd47fc00a2c39e90264f33305004495a9","hash":"81bfce2fe1747d18dfadee181fb669f638d81862"}
,"C:\\Users\\HP\\OneDrive\\Desktop\\ReactScript\\src\\components\\Sum.js": {"path":"C:\\Users\\HP\\OneDrive\\Desktop\\ReactScript\\src\\components\\Sum.js","statementMap":{"0":{"start":{"line":1,"column":19},"end":{"line":3,"column":1}},"1":{"start":{"line":2,"column":2},"end":{"line":2,"column":15}}},"fnMap":{"0":{"name":"(anonymous_0)","decl":{"start":{"line":1,"column":19},"end":{"line":1,"column":20}},"loc":{"start":{"line":1,"column":29},"end":{"line":3,"column":1}},"line":1}},"branchMap":{},"s":{"0":1,"1":1},"f":{"0":1},"b":{},"_coverageSchema":"1a1c01bbd47fc00a2c39e90264f33305004495a9","hash":"afec43008646295b588d7b323696a81c3169d0b3"}
,"C:\\Users\\HP\\OneDrive\\Desktop\\ReactScript\\src\\utils\\UserContext.js": {"path":"C:\\Users\\HP\\OneDrive\\Desktop\\ReactScript\\src\\utils\\UserContext.js","statementMap":{"0":{"start":{"line":2,"column":20},"end":{"line":4,"column":2}}},"fnMap":{},"branchMap":{},"s":{"0":3},"f":{},"b":{},"_coverageSchema":"1a1c01bbd47fc00a2c39e90264f33305004495a9","hash":"346672f47ba55a998fac7cf45abd5e07d40e51e0"}
,"C:\\Users\\HP\\OneDrive\\Desktop\\ReactScript\\src\\utils\\appStore.js": {"path":"C:\\Users\\HP\\OneDrive\\Desktop\\ReactScript\\src\\utils\\appStore.js","statementMap":{"0":{"start":{"line":4,"column":17},"end":{"line":8,"column":2}}},"fnMap":{},"branchMap":{},"s":{"0":1},"f":{},"b":{},"_coverageSchema":"1a1c01bbd47fc00a2c39e90264f33305004495a9","hash":"237aa9eb553020733d402c009e6b835a48fe3b08"}
,"C:\\Users\\HP\\OneDrive\\Desktop\\ReactScript\\src\\utils\\cartSlice.js": {"path":"C:\\Users\\HP\\OneDrive\\Desktop\\ReactScript\\src\\utils\\cartSlice.js","statementMap":{"0":{"start":{"line":3,"column":18},"end":{"line":21,"column":2}},"1":{"start":{"line":11,"column":6},"end":{"line":11,"column":39}},"2":{"start":{"line":14,"column":6},"end":{"line":14,"column":24}},"3":{"start":{"line":18,"column":6},"end":{"line":18,"column":27}},"4":{"start":{"line":23,"column":50},"end":{"line":23,"column":67}}},"fnMap":{"0":{"name":"(anonymous_0)","decl":{"start":{"line":9,"column":13},"end":{"line":9,"column":14}},"loc":{"start":{"line":9,"column":32},"end":{"line":12,"column":5}},"line":9},"1":{"name":"(anonymous_1)","decl":{"start":{"line":13,"column":16},"end":{"line":13,"column":17}},"loc":{"start":{"line":13,"column":35},"end":{"line":15,"column":5}},"line":13},"2":{"name":"(anonymous_2)","decl":{"start":{"line":16,"column":15},"end":{"line":16,"column":16}},"loc":{"start":{"line":16,"column":34},"end":{"line":19,"column":5}},"line":16}},"branchMap":{},"s":{"0":1,"1":0,"2":0,"3":0,"4":1},"f":{"0":0,"1":0,"2":0},"b":{},"_coverageSchema":"1a1c01bbd47fc00a2c39e90264f33305004495a9","hash":"9dbaab730a2dd34692e1a9020ee9ac6cdffcb444"}
,"C:\\Users\\HP\\OneDrive\\Desktop\\ReactScript\\src\\utils\\constants.js": {"path":"C:\\Users\\HP\\OneDrive\\Desktop\\ReactScript\\src\\utils\\constants.js","statementMap":{"0":{"start":{"line":2,"column":2},"end":{"line":2,"column":97}},"1":{"start":{"line":5,"column":2},"end":{"line":5,"column":74}},"2":{"start":{"line":7,"column":28},"end":{"line":7,"column":150}}},"fnMap":{},"branchMap":{},"s":{"0":3,"1":3,"2":3},"f":{},"b":{},"_coverageSchema":"1a1c01bbd47fc00a2c39e90264f33305004495a9","hash":"df44b08eaf07a5383133ff5d94221bd34a8ba923"}
,"C:\\Users\\HP\\OneDrive\\Desktop\\ReactScript\\src\\utils\\useOnlineStatus.js": {"path":"C:\\Users\\HP\\OneDrive\\Desktop\\ReactScript\\src\\utils\\useOnlineStatus.js","statementMap":{"0":{"start":{"line":3,"column":24},"end":{"line":16,"column":1}},"1":{"start":{"line":4,"column":42},"end":{"line":4,"column":56}},"2":{"start":{"line":6,"column":2},"end":{"line":13,"column":9}},"3":{"start":{"line":7,"column":4},"end":{"line":9,"column":7}},"4":{"start":{"line":8,"column":6},"end":{"line":8,"column":29}},"5":{"start":{"line":10,"column":4},"end":{"line":12,"column":7}},"6":{"start":{"line":11,"column":6},"end":{"line":11,"column":28}},"7":{"start":{"line":15,"column":2},"end":{"line":15,"column":22}}},"fnMap":{"0":{"name":"(anonymous_0)","decl":{"start":{"line":3,"column":24},"end":{"line":3,"column":25}},"loc":{"start":{"line":3,"column":30},"end":{"line":16,"column":1}},"line":3},"1":{"name":"(anonymous_1)","decl":{"start":{"line":6,"column":12},"end":{"line":6,"column":13}},"loc":{"start":{"line":6,"column":18},"end":{"line":13,"column":3}},"line":6},"2":{"name":"(anonymous_2)","decl":{"start":{"line":7,"column":39},"end":{"line":7,"column":40}},"loc":{"start":{"line":7,"column":45},"end":{"line":9,"column":5}},"line":7},"3":{"name":"(anonymous_3)","decl":{"start":{"line":10,"column":38},"end":{"line":10,"column":39}},"loc":{"start":{"line":10,"column":44},"end":{"line":12,"column":5}},"line":10}},"branchMap":{},"s":{"0":2,"1":6,"2":6,"3":4,"4":0,"5":4,"6":0,"7":6},"f":{"0":6,"1":4,"2":0,"3":0},"b":{},"_coverageSchema":"1a1c01bbd47fc00a2c39e90264f33305004495a9","hash":"656ef49eac0ca91522a3deb13128f50fca507f5a"}
}
