TN:
SF:src\components\Body.js
FN:7,(anonymous_0)
FN:18,(anonymous_1)
FN:22,(anonymous_2)
FN:58,(anonymous_3)
FN:64,(anonymous_4)
FN:65,(anonymous_5)
FN:77,(anonymous_6)
FN:79,(anonymous_7)
FN:92,(anonymous_8)
FN:97,(anonymous_9)
FNF:10
FNH:4
FNDA:2,(anonymous_0)
FNDA:1,(anonymous_1)
FNDA:1,(anonymous_2)
FNDA:0,(anonymous_3)
FNDA:0,(anonymous_4)
FNDA:0,(anonymous_5)
FNDA:0,(anonymous_6)
FNDA:0,(anonymous_7)
FNDA:0,(anonymous_8)
FNDA:20,(anonymous_9)
DA:7,1
DA:9,2
DA:10,2
DA:11,2
DA:13,2
DA:18,2
DA:19,1
DA:22,2
DA:23,1
DA:26,1
DA:28,1
DA:31,1
DA:36,2
DA:37,2
DA:38,0
DA:44,2
DA:46,2
DA:47,1
DA:50,1
DA:59,0
DA:65,0
DA:66,0
DA:68,0
DA:78,0
DA:79,0
DA:81,0
DA:92,0
DA:98,20
LF:28
LH:19
BRDA:37,0,0,0
BRDA:37,0,1,2
BRDA:46,1,0,1
BRDA:46,1,1,1
BRDA:102,2,0,19
BRDA:102,2,1,1
BRF:6
BRH:5
end_of_record
TN:
SF:src\components\Contact.js
FN:1,(anonymous_0)
FNF:1
FNH:1
FNDA:4,(anonymous_0)
DA:1,1
DA:2,4
LF:2
LH:2
BRF:0
BRH:0
end_of_record
TN:
SF:src\components\Header.js
FN:8,(anonymous_0)
FN:15,(anonymous_1)
FN:44,(anonymous_2)
FNF:3
FNH:3
FNDA:4,(anonymous_0)
FNDA:7,(anonymous_1)
FNDA:1,(anonymous_2)
DA:8,1
DA:9,4
DA:10,4
DA:11,4
DA:15,7
DA:17,4
DA:45,1
LF:7
LH:7
BRDA:25,0,0,4
BRDA:25,0,1,0
BRDA:45,1,0,1
BRDA:45,1,1,0
BRF:4
BRH:2
end_of_record
TN:
SF:src\components\RestaurntCard.js
FN:5,(anonymous_0)
FN:29,(anonymous_1)
FN:30,(anonymous_2)
FNF:3
FNH:3
FNDA:22,(anonymous_0)
FNDA:3,(anonymous_1)
FNDA:20,(anonymous_2)
DA:5,2
DA:6,22
DA:9,22
DA:10,22
DA:12,22
DA:29,2
DA:30,3
DA:31,20
DA:32,20
LF:9
LH:9
BRDA:34,0,0,20
BRDA:34,0,1,20
BRF:2
BRH:2
end_of_record
TN:
SF:src\components\Shimmer.js
FN:1,(anonymous_0)
FNF:1
FNH:1
FNDA:1,(anonymous_0)
DA:1,1
DA:2,1
LF:2
LH:2
BRF:0
BRH:0
end_of_record
TN:
SF:src\components\Sum.js
FN:1,(anonymous_0)
FNF:1
FNH:1
FNDA:1,(anonymous_0)
DA:1,1
DA:2,1
LF:2
LH:2
BRF:0
BRH:0
end_of_record
TN:
SF:src\utils\UserContext.js
FNF:0
FNH:0
DA:2,3
LF:1
LH:1
BRF:0
BRH:0
end_of_record
TN:
SF:src\utils\appStore.js
FNF:0
FNH:0
DA:4,1
LF:1
LH:1
BRF:0
BRH:0
end_of_record
TN:
SF:src\utils\cartSlice.js
FN:9,(anonymous_0)
FN:13,(anonymous_1)
FN:16,(anonymous_2)
FNF:3
FNH:0
FNDA:0,(anonymous_0)
FNDA:0,(anonymous_1)
FNDA:0,(anonymous_2)
DA:3,1
DA:11,0
DA:14,0
DA:18,0
DA:23,1
LF:5
LH:2
BRF:0
BRH:0
end_of_record
TN:
SF:src\utils\constants.js
FNF:0
FNH:0
DA:2,3
DA:5,3
DA:7,3
LF:3
LH:3
BRF:0
BRH:0
end_of_record
TN:
SF:src\utils\useOnlineStatus.js
FN:3,(anonymous_0)
FN:6,(anonymous_1)
FN:7,(anonymous_2)
FN:10,(anonymous_3)
FNF:4
FNH:2
FNDA:6,(anonymous_0)
FNDA:4,(anonymous_1)
FNDA:0,(anonymous_2)
FNDA:0,(anonymous_3)
DA:3,2
DA:4,6
DA:6,6
DA:7,4
DA:8,0
DA:10,4
DA:11,0
DA:15,6
LF:8
LH:6
BRF:0
BRH:0
end_of_record
